{"C:\\Users\\shin1\\Desktop\\MyProject\\petpet_shop_fronted\\components\\hooks\\cart-reducer-state.ts": {"path":"C:\\Users\\shin1\\Desktop\\MyProject\\petpet_shop_fronted\\components\\hooks\\cart-reducer-state.ts","all":false,"statementMap":{"0":{"start":{"line":1,"column":0},"end":{"line":1,"column":27}},"1":{"start":{"line":2,"column":0},"end":{"line":2,"column":13}},"2":{"start":{"line":3,"column":0},"end":{"line":3,"column":18}},"3":{"start":{"line":4,"column":0},"end":{"line":4,"column":15}},"4":{"start":{"line":5,"column":0},"end":{"line":5,"column":14}},"5":{"start":{"line":6,"column":0},"end":{"line":6,"column":17}},"6":{"start":{"line":7,"column":0},"end":{"line":7,"column":23}},"7":{"start":{"line":8,"column":0},"end":{"line":8,"column":26}},"8":{"start":{"line":9,"column":0},"end":{"line":9,"column":20}},"9":{"start":{"line":10,"column":0},"end":{"line":10,"column":1}},"10":{"start":{"line":11,"column":0},"end":{"line":11,"column":0}},"11":{"start":{"line":12,"column":0},"end":{"line":12,"column":28}},"12":{"start":{"line":13,"column":0},"end":{"line":13,"column":44}},"13":{"start":{"line":14,"column":0},"end":{"line":14,"column":18}},"14":{"start":{"line":15,"column":0},"end":{"line":15,"column":20}},"15":{"start":{"line":16,"column":0},"end":{"line":16,"column":20}},"16":{"start":{"line":17,"column":0},"end":{"line":17,"column":18}},"17":{"start":{"line":18,"column":0},"end":{"line":18,"column":1}},"18":{"start":{"line":19,"column":0},"end":{"line":19,"column":0}},"19":{"start":{"line":20,"column":0},"end":{"line":20,"column":39}},"20":{"start":{"line":21,"column":0},"end":{"line":21,"column":0}},"21":{"start":{"line":22,"column":0},"end":{"line":22,"column":37}},"22":{"start":{"line":23,"column":0},"end":{"line":23,"column":12}},"23":{"start":{"line":24,"column":0},"end":{"line":24,"column":16}},"24":{"start":{"line":25,"column":0},"end":{"line":25,"column":16}},"25":{"start":{"line":26,"column":0},"end":{"line":26,"column":16}},"26":{"start":{"line":27,"column":0},"end":{"line":27,"column":14}},"27":{"start":{"line":28,"column":0},"end":{"line":28,"column":1}},"28":{"start":{"line":29,"column":0},"end":{"line":29,"column":0}},"29":{"start":{"line":30,"column":0},"end":{"line":30,"column":3}},"30":{"start":{"line":31,"column":0},"end":{"line":31,"column":54}},"31":{"start":{"line":32,"column":0},"end":{"line":32,"column":3}},"32":{"start":{"line":33,"column":0},"end":{"line":33,"column":28}},"33":{"start":{"line":34,"column":0},"end":{"line":34,"column":20}},"34":{"start":{"line":35,"column":0},"end":{"line":35,"column":13}},"35":{"start":{"line":36,"column":0},"end":{"line":36,"column":28}},"36":{"start":{"line":37,"column":0},"end":{"line":37,"column":63}},"37":{"start":{"line":38,"column":0},"end":{"line":38,"column":1}},"38":{"start":{"line":39,"column":0},"end":{"line":39,"column":0}},"39":{"start":{"line":40,"column":0},"end":{"line":40,"column":3}},"40":{"start":{"line":41,"column":0},"end":{"line":41,"column":94}},"41":{"start":{"line":42,"column":0},"end":{"line":42,"column":9}},"42":{"start":{"line":43,"column":0},"end":{"line":43,"column":52}},"43":{"start":{"line":44,"column":0},"end":{"line":44,"column":30}},"44":{"start":{"line":45,"column":0},"end":{"line":45,"column":70}},"45":{"start":{"line":46,"column":0},"end":{"line":46,"column":20}},"46":{"start":{"line":47,"column":0},"end":{"line":47,"column":4}},"47":{"start":{"line":48,"column":0},"end":{"line":48,"column":1}},"48":{"start":{"line":49,"column":0},"end":{"line":49,"column":3}},"49":{"start":{"line":50,"column":0},"end":{"line":50,"column":83}},"50":{"start":{"line":51,"column":0},"end":{"line":51,"column":30}},"51":{"start":{"line":52,"column":0},"end":{"line":52,"column":70}},"52":{"start":{"line":53,"column":0},"end":{"line":53,"column":20}},"53":{"start":{"line":54,"column":0},"end":{"line":54,"column":4}},"54":{"start":{"line":55,"column":0},"end":{"line":55,"column":1}},"55":{"start":{"line":56,"column":0},"end":{"line":56,"column":0}},"56":{"start":{"line":57,"column":0},"end":{"line":57,"column":0}},"57":{"start":{"line":58,"column":0},"end":{"line":58,"column":3}},"58":{"start":{"line":59,"column":0},"end":{"line":59,"column":45}},"59":{"start":{"line":60,"column":0},"end":{"line":60,"column":3}},"60":{"start":{"line":61,"column":0},"end":{"line":61,"column":77}},"61":{"start":{"line":62,"column":0},"end":{"line":62,"column":30}},"62":{"start":{"line":63,"column":0},"end":{"line":63,"column":43}},"63":{"start":{"line":64,"column":0},"end":{"line":64,"column":53}},"64":{"start":{"line":65,"column":0},"end":{"line":65,"column":5}},"65":{"start":{"line":66,"column":0},"end":{"line":66,"column":15}},"66":{"start":{"line":67,"column":0},"end":{"line":67,"column":4}},"67":{"start":{"line":68,"column":0},"end":{"line":68,"column":1}},"68":{"start":{"line":69,"column":0},"end":{"line":69,"column":0}},"69":{"start":{"line":70,"column":0},"end":{"line":70,"column":0}},"70":{"start":{"line":71,"column":0},"end":{"line":71,"column":3}},"71":{"start":{"line":72,"column":0},"end":{"line":72,"column":51}},"72":{"start":{"line":73,"column":0},"end":{"line":73,"column":3}},"73":{"start":{"line":74,"column":0},"end":{"line":74,"column":77}},"74":{"start":{"line":75,"column":0},"end":{"line":75,"column":30}},"75":{"start":{"line":76,"column":0},"end":{"line":76,"column":43}},"76":{"start":{"line":77,"column":0},"end":{"line":77,"column":14}},"77":{"start":{"line":78,"column":0},"end":{"line":78,"column":16}},"78":{"start":{"line":79,"column":0},"end":{"line":79,"column":64}},"79":{"start":{"line":80,"column":0},"end":{"line":80,"column":7}},"80":{"start":{"line":81,"column":0},"end":{"line":81,"column":5}},"81":{"start":{"line":82,"column":0},"end":{"line":82,"column":15}},"82":{"start":{"line":83,"column":0},"end":{"line":83,"column":4}},"83":{"start":{"line":84,"column":0},"end":{"line":84,"column":1}},"84":{"start":{"line":85,"column":0},"end":{"line":85,"column":0}},"85":{"start":{"line":86,"column":0},"end":{"line":86,"column":0}},"86":{"start":{"line":87,"column":0},"end":{"line":87,"column":3}},"87":{"start":{"line":88,"column":0},"end":{"line":88,"column":60}},"88":{"start":{"line":89,"column":0},"end":{"line":89,"column":3}},"89":{"start":{"line":90,"column":0},"end":{"line":90,"column":77}},"90":{"start":{"line":91,"column":0},"end":{"line":91,"column":17}},"91":{"start":{"line":92,"column":0},"end":{"line":92,"column":37}},"92":{"start":{"line":93,"column":0},"end":{"line":93,"column":54}},"93":{"start":{"line":94,"column":0},"end":{"line":94,"column":3}},"94":{"start":{"line":95,"column":0},"end":{"line":95,"column":0}},"95":{"start":{"line":96,"column":0},"end":{"line":96,"column":47}},"96":{"start":{"line":97,"column":0},"end":{"line":97,"column":24}},"97":{"start":{"line":98,"column":0},"end":{"line":98,"column":34}},"98":{"start":{"line":99,"column":0},"end":{"line":99,"column":0}},"99":{"start":{"line":100,"column":0},"end":{"line":100,"column":22}},"100":{"start":{"line":101,"column":0},"end":{"line":101,"column":56}},"101":{"start":{"line":102,"column":0},"end":{"line":102,"column":0}},"102":{"start":{"line":103,"column":0},"end":{"line":103,"column":13}},"103":{"start":{"line":104,"column":0},"end":{"line":104,"column":63}},"104":{"start":{"line":105,"column":0},"end":{"line":105,"column":3}},"105":{"start":{"line":106,"column":0},"end":{"line":106,"column":0}},"106":{"start":{"line":107,"column":0},"end":{"line":107,"column":17}},"107":{"start":{"line":108,"column":0},"end":{"line":108,"column":28}},"108":{"start":{"line":109,"column":0},"end":{"line":109,"column":1}},"109":{"start":{"line":110,"column":0},"end":{"line":110,"column":0}},"110":{"start":{"line":111,"column":0},"end":{"line":111,"column":0}},"111":{"start":{"line":112,"column":0},"end":{"line":112,"column":3}},"112":{"start":{"line":113,"column":0},"end":{"line":113,"column":52}},"113":{"start":{"line":114,"column":0},"end":{"line":114,"column":3}},"114":{"start":{"line":115,"column":0},"end":{"line":115,"column":74}},"115":{"start":{"line":116,"column":0},"end":{"line":116,"column":65}},"116":{"start":{"line":117,"column":0},"end":{"line":117,"column":1}},"117":{"start":{"line":118,"column":0},"end":{"line":118,"column":0}},"118":{"start":{"line":119,"column":0},"end":{"line":119,"column":0}},"119":{"start":{"line":120,"column":0},"end":{"line":120,"column":64}},"120":{"start":{"line":121,"column":0},"end":{"line":121,"column":3}},"121":{"start":{"line":122,"column":0},"end":{"line":122,"column":35}},"122":{"start":{"line":123,"column":0},"end":{"line":123,"column":3}},"123":{"start":{"line":124,"column":0},"end":{"line":124,"column":30}},"124":{"start":{"line":125,"column":0},"end":{"line":125,"column":19}},"125":{"start":{"line":126,"column":0},"end":{"line":126,"column":41}},"126":{"start":{"line":127,"column":0},"end":{"line":127,"column":24}},"127":{"start":{"line":128,"column":0},"end":{"line":128,"column":12}},"128":{"start":{"line":129,"column":0},"end":{"line":129,"column":41}},"129":{"start":{"line":130,"column":0},"end":{"line":130,"column":5}},"130":{"start":{"line":131,"column":0},"end":{"line":131,"column":0}},"131":{"start":{"line":132,"column":0},"end":{"line":132,"column":0}},"132":{"start":{"line":133,"column":0},"end":{"line":133,"column":3}},"133":{"start":{"line":134,"column":0},"end":{"line":134,"column":32}},"134":{"start":{"line":135,"column":0},"end":{"line":135,"column":14}},"135":{"start":{"line":136,"column":0},"end":{"line":136,"column":3}},"136":{"start":{"line":137,"column":0},"end":{"line":137,"column":56}},"137":{"start":{"line":138,"column":0},"end":{"line":138,"column":75}},"138":{"start":{"line":139,"column":0},"end":{"line":139,"column":0}},"139":{"start":{"line":140,"column":0},"end":{"line":140,"column":0}},"140":{"start":{"line":141,"column":0},"end":{"line":141,"column":3}},"141":{"start":{"line":142,"column":0},"end":{"line":142,"column":30}},"142":{"start":{"line":143,"column":0},"end":{"line":143,"column":3}},"143":{"start":{"line":144,"column":0},"end":{"line":144,"column":56}},"144":{"start":{"line":145,"column":0},"end":{"line":145,"column":53}},"145":{"start":{"line":146,"column":0},"end":{"line":146,"column":0}},"146":{"start":{"line":147,"column":0},"end":{"line":147,"column":0}},"147":{"start":{"line":148,"column":0},"end":{"line":148,"column":39}},"148":{"start":{"line":149,"column":0},"end":{"line":149,"column":34}},"149":{"start":{"line":150,"column":0},"end":{"line":150,"column":28}},"150":{"start":{"line":151,"column":0},"end":{"line":151,"column":19}},"151":{"start":{"line":152,"column":0},"end":{"line":152,"column":17}},"152":{"start":{"line":153,"column":0},"end":{"line":153,"column":36}},"153":{"start":{"line":154,"column":0},"end":{"line":154,"column":0}},"154":{"start":{"line":155,"column":0},"end":{"line":155,"column":10}},"155":{"start":{"line":156,"column":0},"end":{"line":156,"column":17}},"156":{"start":{"line":157,"column":0},"end":{"line":157,"column":13}},"157":{"start":{"line":158,"column":0},"end":{"line":158,"column":32}},"158":{"start":{"line":159,"column":0},"end":{"line":159,"column":34}},"159":{"start":{"line":160,"column":0},"end":{"line":160,"column":34}},"160":{"start":{"line":161,"column":0},"end":{"line":161,"column":12}},"161":{"start":{"line":162,"column":0},"end":{"line":162,"column":3}},"162":{"start":{"line":163,"column":0},"end":{"line":163,"column":1}},"163":{"start":{"line":164,"column":0},"end":{"line":164,"column":0}},"164":{"start":{"line":165,"column":0},"end":{"line":165,"column":0}},"165":{"start":{"line":166,"column":0},"end":{"line":166,"column":7}},"166":{"start":{"line":167,"column":0},"end":{"line":167,"column":55}},"167":{"start":{"line":168,"column":0},"end":{"line":168,"column":37}},"168":{"start":{"line":169,"column":0},"end":{"line":169,"column":1}}},"s":{"0":1,"1":1,"2":1,"3":1,"4":1,"5":1,"6":1,"7":1,"8":1,"9":1,"10":1,"11":1,"12":1,"13":1,"14":1,"15":1,"16":1,"17":1,"18":1,"19":1,"20":1,"21":1,"22":1,"23":1,"24":1,"25":1,"26":1,"27":1,"28":1,"29":1,"30":1,"31":1,"32":1,"33":3,"34":3,"35":3,"36":3,"37":3,"38":1,"39":1,"40":1,"41":1,"42":1,"43":1,"44":1,"45":1,"46":1,"47":1,"48":1,"49":1,"50":5,"51":6,"52":3,"53":6,"54":5,"55":1,"56":1,"57":1,"58":1,"59":1,"60":1,"61":1,"62":2,"63":1,"64":1,"65":1,"66":1,"67":1,"68":1,"69":1,"70":1,"71":1,"72":1,"73":1,"74":2,"75":4,"76":2,"77":2,"78":2,"79":2,"80":2,"81":2,"82":2,"83":2,"84":1,"85":1,"86":1,"87":1,"88":1,"89":1,"90":10,"91":10,"92":10,"93":10,"94":10,"95":10,"96":10,"97":2,"98":2,"99":2,"100":2,"101":2,"102":2,"103":2,"104":2,"105":8,"106":8,"107":8,"108":8,"109":1,"110":1,"111":1,"112":1,"113":1,"114":1,"115":7,"116":7,"117":1,"118":1,"119":1,"120":1,"121":1,"122":1,"123":1,"124":33,"125":33,"126":33,"127":14,"128":14,"129":14,"130":1,"131":1,"132":1,"133":1,"134":1,"135":1,"136":1,"137":31,"138":1,"139":1,"140":1,"141":1,"142":1,"143":1,"144":33,"145":1,"146":1,"147":1,"148":1,"149":30,"150":30,"151":30,"152":30,"153":30,"154":30,"155":30,"156":30,"157":30,"158":30,"159":30,"160":30,"161":30,"162":30,"163":1,"164":1,"165":1,"166":1,"167":6,"168":6},"branchMap":{"0":{"type":"branch","line":33,"loc":{"start":{"line":33,"column":27},"end":{"line":38,"column":1}},"locations":[{"start":{"line":33,"column":27},"end":{"line":38,"column":1}}]},"1":{"type":"branch","line":37,"loc":{"start":{"line":37,"column":20},"end":{"line":37,"column":63}},"locations":[{"start":{"line":37,"column":20},"end":{"line":37,"column":63}}]},"2":{"type":"branch","line":50,"loc":{"start":{"line":50,"column":25},"end":{"line":55,"column":1}},"locations":[{"start":{"line":50,"column":25},"end":{"line":55,"column":1}}]},"3":{"type":"branch","line":51,"loc":{"start":{"line":51,"column":19},"end":{"line":54,"column":4}},"locations":[{"start":{"line":51,"column":19},"end":{"line":54,"column":4}}]},"4":{"type":"branch","line":52,"loc":{"start":{"line":52,"column":53},"end":{"line":53,"column":20}},"locations":[{"start":{"line":52,"column":53},"end":{"line":53,"column":20}}]},"5":{"type":"branch","line":61,"loc":{"start":{"line":61,"column":28},"end":{"line":68,"column":1}},"locations":[{"start":{"line":61,"column":28},"end":{"line":68,"column":1}}]},"6":{"type":"branch","line":62,"loc":{"start":{"line":62,"column":19},"end":{"line":67,"column":4}},"locations":[{"start":{"line":62,"column":19},"end":{"line":67,"column":4}}]},"7":{"type":"branch","line":63,"loc":{"start":{"line":63,"column":42},"end":{"line":67,"column":4}},"locations":[{"start":{"line":63,"column":42},"end":{"line":67,"column":4}}]},"8":{"type":"branch","line":74,"loc":{"start":{"line":74,"column":28},"end":{"line":84,"column":1}},"locations":[{"start":{"line":74,"column":28},"end":{"line":84,"column":1}}]},"9":{"type":"branch","line":75,"loc":{"start":{"line":75,"column":19},"end":{"line":83,"column":4}},"locations":[{"start":{"line":75,"column":19},"end":{"line":83,"column":4}}]},"10":{"type":"branch","line":76,"loc":{"start":{"line":76,"column":42},"end":{"line":83,"column":4}},"locations":[{"start":{"line":76,"column":42},"end":{"line":83,"column":4}}]},"11":{"type":"branch","line":79,"loc":{"start":{"line":79,"column":38},"end":{"line":79,"column":62}},"locations":[{"start":{"line":79,"column":38},"end":{"line":79,"column":62}}]},"12":{"type":"branch","line":79,"loc":{"start":{"line":79,"column":58},"end":{"line":79,"column":64}},"locations":[{"start":{"line":79,"column":58},"end":{"line":79,"column":64}}]},"13":{"type":"branch","line":90,"loc":{"start":{"line":90,"column":22},"end":{"line":109,"column":1}},"locations":[{"start":{"line":90,"column":22},"end":{"line":109,"column":1}}]},"14":{"type":"branch","line":97,"loc":{"start":{"line":97,"column":23},"end":{"line":105,"column":3}},"locations":[{"start":{"line":97,"column":23},"end":{"line":105,"column":3}}]},"15":{"type":"branch","line":105,"loc":{"start":{"line":105,"column":2},"end":{"line":109,"column":1}},"locations":[{"start":{"line":105,"column":2},"end":{"line":109,"column":1}}]},"16":{"type":"branch","line":93,"loc":{"start":{"line":93,"column":4},"end":{"line":93,"column":54}},"locations":[{"start":{"line":93,"column":4},"end":{"line":93,"column":54}}]},"17":{"type":"branch","line":115,"loc":{"start":{"line":115,"column":25},"end":{"line":117,"column":1}},"locations":[{"start":{"line":115,"column":25},"end":{"line":117,"column":1}}]},"18":{"type":"branch","line":116,"loc":{"start":{"line":116,"column":22},"end":{"line":116,"column":65}},"locations":[{"start":{"line":116,"column":22},"end":{"line":116,"column":65}}]},"19":{"type":"branch","line":124,"loc":{"start":{"line":124,"column":29},"end":{"line":130,"column":5}},"locations":[{"start":{"line":124,"column":29},"end":{"line":130,"column":5}}]},"20":{"type":"branch","line":127,"loc":{"start":{"line":127,"column":12},"end":{"line":130,"column":5}},"locations":[{"start":{"line":127,"column":12},"end":{"line":130,"column":5}}]},"21":{"type":"branch","line":137,"loc":{"start":{"line":137,"column":26},"end":{"line":138,"column":75}},"locations":[{"start":{"line":137,"column":26},"end":{"line":138,"column":75}}]},"22":{"type":"branch","line":138,"loc":{"start":{"line":138,"column":15},"end":{"line":138,"column":66}},"locations":[{"start":{"line":138,"column":15},"end":{"line":138,"column":66}}]},"23":{"type":"branch","line":144,"loc":{"start":{"line":144,"column":26},"end":{"line":145,"column":53}},"locations":[{"start":{"line":144,"column":26},"end":{"line":145,"column":53}}]},"24":{"type":"branch","line":145,"loc":{"start":{"line":145,"column":15},"end":{"line":145,"column":49}},"locations":[{"start":{"line":145,"column":15},"end":{"line":145,"column":49}}]},"25":{"type":"branch","line":149,"loc":{"start":{"line":149,"column":33},"end":{"line":163,"column":1}},"locations":[{"start":{"line":149,"column":33},"end":{"line":163,"column":1}}]},"26":{"type":"branch","line":167,"loc":{"start":{"line":167,"column":20},"end":{"line":169,"column":1}},"locations":[{"start":{"line":167,"column":20},"end":{"line":169,"column":1}}]}},"b":{"0":[3],"1":[3],"2":[5],"3":[6],"4":[3],"5":[1],"6":[2],"7":[1],"8":[2],"9":[4],"10":[2],"11":[1],"12":[1],"13":[10],"14":[2],"15":[8],"16":[3],"17":[7],"18":[7],"19":[33],"20":[14],"21":[31],"22":[12],"23":[33],"24":[12],"25":[30],"26":[6]},"fnMap":{"0":{"name":"findOneById","decl":{"start":{"line":33,"column":27},"end":{"line":38,"column":1}},"loc":{"start":{"line":33,"column":27},"end":{"line":38,"column":1}},"line":33},"1":{"name":"updateOne","decl":{"start":{"line":50,"column":25},"end":{"line":55,"column":1}},"loc":{"start":{"line":50,"column":25},"end":{"line":55,"column":1}},"line":50},"2":{"name":"incrementOne","decl":{"start":{"line":61,"column":28},"end":{"line":68,"column":1}},"loc":{"start":{"line":61,"column":28},"end":{"line":68,"column":1}},"line":61},"3":{"name":"decrementOne","decl":{"start":{"line":74,"column":28},"end":{"line":84,"column":1}},"loc":{"start":{"line":74,"column":28},"end":{"line":84,"column":1}},"line":74},"4":{"name":"addOne","decl":{"start":{"line":90,"column":22},"end":{"line":109,"column":1}},"loc":{"start":{"line":90,"column":22},"end":{"line":109,"column":1}},"line":90},"5":{"name":"removeOne","decl":{"start":{"line":115,"column":25},"end":{"line":117,"column":1}},"loc":{"start":{"line":115,"column":25},"end":{"line":117,"column":1}},"line":115},"6":{"name":"subtotalPrice","decl":{"start":{"line":124,"column":29},"end":{"line":130,"column":5}},"loc":{"start":{"line":124,"column":29},"end":{"line":130,"column":5}},"line":124},"7":{"name":"totalPrice","decl":{"start":{"line":137,"column":26},"end":{"line":138,"column":75}},"loc":{"start":{"line":137,"column":26},"end":{"line":138,"column":75}},"line":137},"8":{"name":"totalItems","decl":{"start":{"line":144,"column":26},"end":{"line":145,"column":53}},"loc":{"start":{"line":144,"column":26},"end":{"line":145,"column":53}},"line":144},"9":{"name":"generateCartState","decl":{"start":{"line":149,"column":33},"end":{"line":163,"column":1}},"loc":{"start":{"line":149,"column":33},"end":{"line":163,"column":1}},"line":149},"10":{"name":"init","decl":{"start":{"line":167,"column":20},"end":{"line":169,"column":1}},"loc":{"start":{"line":167,"column":20},"end":{"line":169,"column":1}},"line":167}},"f":{"0":3,"1":5,"2":1,"3":2,"4":10,"5":7,"6":33,"7":31,"8":33,"9":30,"10":6}}
,"C:\\Users\\shin1\\Desktop\\MyProject\\petpet_shop_fronted\\components\\hooks\\use-cart-state.tsx": {"path":"C:\\Users\\shin1\\Desktop\\MyProject\\petpet_shop_fronted\\components\\hooks\\use-cart-state.tsx","all":false,"statementMap":{"0":{"start":{"line":1,"column":0},"end":{"line":1,"column":15}},"1":{"start":{"line":2,"column":0},"end":{"line":2,"column":11}},"2":{"start":{"line":3,"column":0},"end":{"line":3,"column":13}},"3":{"start":{"line":4,"column":0},"end":{"line":4,"column":16}},"4":{"start":{"line":5,"column":0},"end":{"line":5,"column":12}},"5":{"start":{"line":6,"column":0},"end":{"line":6,"column":12}},"6":{"start":{"line":7,"column":0},"end":{"line":7,"column":14}},"7":{"start":{"line":8,"column":0},"end":{"line":8,"column":8}},"8":{"start":{"line":9,"column":0},"end":{"line":9,"column":7}},"9":{"start":{"line":10,"column":0},"end":{"line":10,"column":9}},"10":{"start":{"line":11,"column":0},"end":{"line":11,"column":14}},"11":{"start":{"line":12,"column":0},"end":{"line":12,"column":12}},"12":{"start":{"line":13,"column":0},"end":{"line":13,"column":12}},"13":{"start":{"line":14,"column":0},"end":{"line":14,"column":15}},"14":{"start":{"line":15,"column":0},"end":{"line":15,"column":15}},"15":{"start":{"line":16,"column":0},"end":{"line":16,"column":20}},"16":{"start":{"line":17,"column":0},"end":{"line":17,"column":11}},"17":{"start":{"line":18,"column":0},"end":{"line":18,"column":12}},"18":{"start":{"line":19,"column":0},"end":{"line":19,"column":29}},"19":{"start":{"line":20,"column":0},"end":{"line":20,"column":48}},"20":{"start":{"line":21,"column":0},"end":{"line":21,"column":67}},"21":{"start":{"line":22,"column":0},"end":{"line":22,"column":0}},"22":{"start":{"line":23,"column":0},"end":{"line":23,"column":27}},"23":{"start":{"line":24,"column":0},"end":{"line":24,"column":17}},"24":{"start":{"line":25,"column":0},"end":{"line":25,"column":44}},"25":{"start":{"line":26,"column":0},"end":{"line":26,"column":35}},"26":{"start":{"line":27,"column":0},"end":{"line":27,"column":35}},"27":{"start":{"line":28,"column":0},"end":{"line":28,"column":38}},"28":{"start":{"line":29,"column":0},"end":{"line":29,"column":56}},"29":{"start":{"line":30,"column":0},"end":{"line":30,"column":23}},"30":{"start":{"line":31,"column":0},"end":{"line":31,"column":36}},"31":{"start":{"line":32,"column":0},"end":{"line":32,"column":34}},"32":{"start":{"line":33,"column":0},"end":{"line":33,"column":34}},"33":{"start":{"line":34,"column":0},"end":{"line":34,"column":1}},"34":{"start":{"line":35,"column":0},"end":{"line":35,"column":0}},"35":{"start":{"line":36,"column":0},"end":{"line":36,"column":63}},"36":{"start":{"line":37,"column":0},"end":{"line":37,"column":0}},"37":{"start":{"line":38,"column":0},"end":{"line":38,"column":29}},"38":{"start":{"line":39,"column":0},"end":{"line":39,"column":21}},"39":{"start":{"line":40,"column":0},"end":{"line":40,"column":31}},"40":{"start":{"line":41,"column":0},"end":{"line":41,"column":26}},"41":{"start":{"line":42,"column":0},"end":{"line":42,"column":1}},"42":{"start":{"line":43,"column":0},"end":{"line":43,"column":0}},"43":{"start":{"line":44,"column":0},"end":{"line":44,"column":30}},"44":{"start":{"line":45,"column":0},"end":{"line":45,"column":11}},"45":{"start":{"line":46,"column":0},"end":{"line":46,"column":38}},"46":{"start":{"line":47,"column":0},"end":{"line":47,"column":49}},"47":{"start":{"line":48,"column":0},"end":{"line":48,"column":26}},"48":{"start":{"line":49,"column":0},"end":{"line":49,"column":64}},"49":{"start":{"line":50,"column":0},"end":{"line":50,"column":42}},"50":{"start":{"line":51,"column":0},"end":{"line":51,"column":0}},"51":{"start":{"line":52,"column":0},"end":{"line":52,"column":22}},"52":{"start":{"line":53,"column":0},"end":{"line":53,"column":9}},"53":{"start":{"line":54,"column":0},"end":{"line":54,"column":40}},"54":{"start":{"line":55,"column":0},"end":{"line":55,"column":42}},"55":{"start":{"line":56,"column":0},"end":{"line":56,"column":65}},"56":{"start":{"line":57,"column":0},"end":{"line":57,"column":31}},"57":{"start":{"line":58,"column":0},"end":{"line":58,"column":44}},"58":{"start":{"line":59,"column":0},"end":{"line":59,"column":7}},"59":{"start":{"line":60,"column":0},"end":{"line":60,"column":21}},"60":{"start":{"line":61,"column":0},"end":{"line":61,"column":16}},"61":{"start":{"line":62,"column":0},"end":{"line":62,"column":5}},"62":{"start":{"line":63,"column":0},"end":{"line":63,"column":3}},"63":{"start":{"line":64,"column":0},"end":{"line":64,"column":0}},"64":{"start":{"line":65,"column":0},"end":{"line":65,"column":29}},"65":{"start":{"line":66,"column":0},"end":{"line":66,"column":63}},"66":{"start":{"line":67,"column":0},"end":{"line":67,"column":63}},"67":{"start":{"line":68,"column":0},"end":{"line":68,"column":0}},"68":{"start":{"line":69,"column":0},"end":{"line":69,"column":57}},"69":{"start":{"line":70,"column":0},"end":{"line":70,"column":73}},"70":{"start":{"line":71,"column":0},"end":{"line":71,"column":0}},"71":{"start":{"line":72,"column":0},"end":{"line":72,"column":11}},"72":{"start":{"line":73,"column":0},"end":{"line":73,"column":34}},"73":{"start":{"line":74,"column":0},"end":{"line":74,"column":0}},"74":{"start":{"line":75,"column":0},"end":{"line":75,"column":0}},"75":{"start":{"line":76,"column":0},"end":{"line":76,"column":59}},"76":{"start":{"line":77,"column":0},"end":{"line":77,"column":19}},"77":{"start":{"line":78,"column":0},"end":{"line":78,"column":13}},"78":{"start":{"line":79,"column":0},"end":{"line":79,"column":68}},"79":{"start":{"line":80,"column":0},"end":{"line":80,"column":25}},"80":{"start":{"line":81,"column":0},"end":{"line":81,"column":5}},"81":{"start":{"line":82,"column":0},"end":{"line":82,"column":25}},"82":{"start":{"line":83,"column":0},"end":{"line":83,"column":57}},"83":{"start":{"line":84,"column":0},"end":{"line":84,"column":0}},"84":{"start":{"line":85,"column":0},"end":{"line":85,"column":31}},"85":{"start":{"line":86,"column":0},"end":{"line":86,"column":17}},"86":{"start":{"line":87,"column":0},"end":{"line":87,"column":0}},"87":{"start":{"line":88,"column":0},"end":{"line":88,"column":0}},"88":{"start":{"line":89,"column":0},"end":{"line":89,"column":28}},"89":{"start":{"line":90,"column":0},"end":{"line":90,"column":19}},"90":{"start":{"line":91,"column":0},"end":{"line":91,"column":57}},"91":{"start":{"line":92,"column":0},"end":{"line":92,"column":14}},"92":{"start":{"line":93,"column":0},"end":{"line":93,"column":0}},"93":{"start":{"line":94,"column":0},"end":{"line":94,"column":0}},"94":{"start":{"line":95,"column":0},"end":{"line":95,"column":5}},"95":{"start":{"line":96,"column":0},"end":{"line":96,"column":38}},"96":{"start":{"line":97,"column":0},"end":{"line":97,"column":18}},"97":{"start":{"line":98,"column":0},"end":{"line":98,"column":5}},"98":{"start":{"line":99,"column":0},"end":{"line":99,"column":39}},"99":{"start":{"line":100,"column":0},"end":{"line":100,"column":17}},"100":{"start":{"line":101,"column":0},"end":{"line":101,"column":35}},"101":{"start":{"line":102,"column":0},"end":{"line":102,"column":14}},"102":{"start":{"line":103,"column":0},"end":{"line":103,"column":60}},"103":{"start":{"line":104,"column":0},"end":{"line":104,"column":59}},"104":{"start":{"line":105,"column":0},"end":{"line":105,"column":14}},"105":{"start":{"line":106,"column":0},"end":{"line":106,"column":23}},"106":{"start":{"line":107,"column":0},"end":{"line":107,"column":31}},"107":{"start":{"line":108,"column":0},"end":{"line":108,"column":20}},"108":{"start":{"line":109,"column":0},"end":{"line":109,"column":28}},"109":{"start":{"line":110,"column":0},"end":{"line":110,"column":11}},"110":{"start":{"line":111,"column":0},"end":{"line":111,"column":5}},"111":{"start":{"line":112,"column":0},"end":{"line":112,"column":58}},"112":{"start":{"line":113,"column":0},"end":{"line":113,"column":3}},"113":{"start":{"line":114,"column":0},"end":{"line":114,"column":0}},"114":{"start":{"line":115,"column":0},"end":{"line":115,"column":0}},"115":{"start":{"line":116,"column":0},"end":{"line":116,"column":5}},"116":{"start":{"line":117,"column":0},"end":{"line":117,"column":22}},"117":{"start":{"line":118,"column":0},"end":{"line":118,"column":5}},"118":{"start":{"line":119,"column":0},"end":{"line":119,"column":39}},"119":{"start":{"line":120,"column":0},"end":{"line":120,"column":43}},"120":{"start":{"line":121,"column":0},"end":{"line":121,"column":3}},"121":{"start":{"line":122,"column":0},"end":{"line":122,"column":0}},"122":{"start":{"line":123,"column":0},"end":{"line":123,"column":0}},"123":{"start":{"line":124,"column":0},"end":{"line":124,"column":5}},"124":{"start":{"line":125,"column":0},"end":{"line":125,"column":32}},"125":{"start":{"line":126,"column":0},"end":{"line":126,"column":5}},"126":{"start":{"line":127,"column":0},"end":{"line":127,"column":42}},"127":{"start":{"line":128,"column":0},"end":{"line":128,"column":44}},"128":{"start":{"line":129,"column":0},"end":{"line":129,"column":3}},"129":{"start":{"line":130,"column":0},"end":{"line":130,"column":0}},"130":{"start":{"line":131,"column":0},"end":{"line":131,"column":0}},"131":{"start":{"line":132,"column":0},"end":{"line":132,"column":5}},"132":{"start":{"line":133,"column":0},"end":{"line":133,"column":30}},"133":{"start":{"line":134,"column":0},"end":{"line":134,"column":5}},"134":{"start":{"line":135,"column":0},"end":{"line":135,"column":60}},"135":{"start":{"line":136,"column":0},"end":{"line":136,"column":44}},"136":{"start":{"line":137,"column":0},"end":{"line":137,"column":26}},"137":{"start":{"line":138,"column":0},"end":{"line":138,"column":45}},"138":{"start":{"line":139,"column":0},"end":{"line":139,"column":51}},"139":{"start":{"line":140,"column":0},"end":{"line":140,"column":3}},"140":{"start":{"line":141,"column":0},"end":{"line":141,"column":0}},"141":{"start":{"line":142,"column":0},"end":{"line":142,"column":0}},"142":{"start":{"line":143,"column":0},"end":{"line":143,"column":5}},"143":{"start":{"line":144,"column":0},"end":{"line":144,"column":12}},"144":{"start":{"line":145,"column":0},"end":{"line":145,"column":5}},"145":{"start":{"line":146,"column":0},"end":{"line":146,"column":27}},"146":{"start":{"line":147,"column":0},"end":{"line":147,"column":20}},"147":{"start":{"line":148,"column":0},"end":{"line":148,"column":3}},"148":{"start":{"line":149,"column":0},"end":{"line":149,"column":0}},"149":{"start":{"line":150,"column":0},"end":{"line":150,"column":0}},"150":{"start":{"line":151,"column":0},"end":{"line":151,"column":5}},"151":{"start":{"line":152,"column":0},"end":{"line":152,"column":24}},"152":{"start":{"line":153,"column":0},"end":{"line":153,"column":5}},"153":{"start":{"line":154,"column":0},"end":{"line":154,"column":37}},"154":{"start":{"line":155,"column":0},"end":{"line":155,"column":53}},"155":{"start":{"line":156,"column":0},"end":{"line":156,"column":3}},"156":{"start":{"line":157,"column":0},"end":{"line":157,"column":0}},"157":{"start":{"line":158,"column":0},"end":{"line":158,"column":0}},"158":{"start":{"line":159,"column":0},"end":{"line":159,"column":5}},"159":{"start":{"line":160,"column":0},"end":{"line":160,"column":45}},"160":{"start":{"line":161,"column":0},"end":{"line":161,"column":5}},"161":{"start":{"line":162,"column":0},"end":{"line":162,"column":38}},"162":{"start":{"line":163,"column":0},"end":{"line":163,"column":46}},"163":{"start":{"line":164,"column":0},"end":{"line":164,"column":3}},"164":{"start":{"line":165,"column":0},"end":{"line":165,"column":0}},"165":{"start":{"line":166,"column":0},"end":{"line":166,"column":0}},"166":{"start":{"line":167,"column":0},"end":{"line":167,"column":5}},"167":{"start":{"line":168,"column":0},"end":{"line":168,"column":62}},"168":{"start":{"line":169,"column":0},"end":{"line":169,"column":5}},"169":{"start":{"line":170,"column":0},"end":{"line":170,"column":38}},"170":{"start":{"line":171,"column":0},"end":{"line":171,"column":46}},"171":{"start":{"line":172,"column":0},"end":{"line":172,"column":3}},"172":{"start":{"line":173,"column":0},"end":{"line":173,"column":0}},"173":{"start":{"line":174,"column":0},"end":{"line":174,"column":10}},"174":{"start":{"line":175,"column":0},"end":{"line":175,"column":25}},"175":{"start":{"line":176,"column":0},"end":{"line":176,"column":14}},"176":{"start":{"line":177,"column":0},"end":{"line":177,"column":24}},"177":{"start":{"line":178,"column":0},"end":{"line":178,"column":31}},"178":{"start":{"line":179,"column":0},"end":{"line":179,"column":16}},"179":{"start":{"line":180,"column":0},"end":{"line":180,"column":19}},"180":{"start":{"line":181,"column":0},"end":{"line":181,"column":19}},"181":{"start":{"line":182,"column":0},"end":{"line":182,"column":22}},"182":{"start":{"line":183,"column":0},"end":{"line":183,"column":18}},"183":{"start":{"line":184,"column":0},"end":{"line":184,"column":17}},"184":{"start":{"line":185,"column":0},"end":{"line":185,"column":18}},"185":{"start":{"line":186,"column":0},"end":{"line":186,"column":18}},"186":{"start":{"line":187,"column":0},"end":{"line":187,"column":8}},"187":{"start":{"line":188,"column":0},"end":{"line":188,"column":5}},"188":{"start":{"line":189,"column":0},"end":{"line":189,"column":16}},"189":{"start":{"line":190,"column":0},"end":{"line":190,"column":27}},"190":{"start":{"line":191,"column":0},"end":{"line":191,"column":3}},"191":{"start":{"line":192,"column":0},"end":{"line":192,"column":1}},"192":{"start":{"line":193,"column":0},"end":{"line":193,"column":0}},"193":{"start":{"line":194,"column":0},"end":{"line":194,"column":30}},"194":{"start":{"line":195,"column":0},"end":{"line":195,"column":41}},"195":{"start":{"line":196,"column":0},"end":{"line":196,"column":17}},"196":{"start":{"line":197,"column":0},"end":{"line":197,"column":65}},"197":{"start":{"line":198,"column":0},"end":{"line":198,"column":3}},"198":{"start":{"line":199,"column":0},"end":{"line":199,"column":16}},"199":{"start":{"line":200,"column":0},"end":{"line":200,"column":1}}},"s":{"0":1,"1":1,"2":1,"3":1,"4":1,"5":1,"6":1,"7":1,"8":1,"9":1,"10":1,"11":1,"12":1,"13":1,"14":1,"15":1,"16":1,"17":1,"18":1,"19":1,"20":1,"21":1,"22":1,"23":1,"24":1,"25":1,"26":1,"27":1,"28":1,"29":1,"30":1,"31":1,"32":1,"33":1,"34":1,"35":1,"36":1,"37":1,"38":1,"39":1,"40":1,"41":1,"42":1,"43":1,"44":32,"45":32,"46":32,"47":32,"48":32,"49":32,"50":32,"51":32,"52":32,"53":32,"54":32,"55":32,"56":32,"57":32,"58":32,"59":32,"60":0,"61":0,"62":32,"63":32,"64":32,"65":32,"66":32,"67":32,"68":32,"69":32,"70":32,"71":32,"72":32,"73":32,"74":32,"75":32,"76":32,"77":16,"78":16,"79":7,"80":7,"81":16,"82":16,"83":16,"84":16,"85":32,"86":32,"87":32,"88":32,"89":32,"90":6,"91":32,"92":32,"93":32,"94":32,"95":32,"96":32,"97":32,"98":32,"99":7,"100":7,"101":7,"102":7,"103":7,"104":7,"105":7,"106":7,"107":7,"108":7,"109":0,"110":7,"111":7,"112":7,"113":32,"114":32,"115":32,"116":32,"117":32,"118":32,"119":4,"120":4,"121":32,"122":32,"123":32,"124":32,"125":32,"126":32,"127":0,"128":0,"129":32,"130":32,"131":32,"132":32,"133":32,"134":32,"135":0,"136":0,"137":0,"138":0,"139":0,"140":32,"141":32,"142":32,"143":32,"144":32,"145":32,"146":0,"147":0,"148":32,"149":32,"150":32,"151":32,"152":32,"153":32,"154":0,"155":0,"156":32,"157":32,"158":32,"159":32,"160":32,"161":32,"162":0,"163":0,"164":32,"165":32,"166":32,"167":32,"168":32,"169":32,"170":0,"171":0,"172":32,"173":32,"174":32,"175":32,"176":32,"177":32,"178":32,"179":32,"180":32,"181":32,"182":32,"183":32,"184":32,"185":32,"186":32,"187":32,"188":32,"189":32,"190":32,"191":32,"192":1,"193":1,"194":32,"195":32,"196":0,"197":0,"198":32,"199":32},"branchMap":{"0":{"type":"branch","line":44,"loc":{"start":{"line":44,"column":28},"end":{"line":192,"column":1}},"locations":[{"start":{"line":44,"column":28},"end":{"line":192,"column":1}}]},"1":{"type":"branch","line":58,"loc":{"start":{"line":58,"column":16},"end":{"line":58,"column":42}},"locations":[{"start":{"line":58,"column":16},"end":{"line":58,"column":42}}]},"2":{"type":"branch","line":58,"loc":{"start":{"line":58,"column":34},"end":{"line":58,"column":44}},"locations":[{"start":{"line":58,"column":34},"end":{"line":58,"column":44}}]},"3":{"type":"branch","line":60,"loc":{"start":{"line":60,"column":6},"end":{"line":62,"column":5}},"locations":[{"start":{"line":60,"column":6},"end":{"line":62,"column":5}}]},"4":{"type":"branch","line":67,"loc":{"start":{"line":67,"column":45},"end":{"line":67,"column":63}},"locations":[{"start":{"line":67,"column":45},"end":{"line":67,"column":63}}]},"5":{"type":"branch","line":77,"loc":{"start":{"line":77,"column":12},"end":{"line":86,"column":5}},"locations":[{"start":{"line":77,"column":12},"end":{"line":86,"column":5}}]},"6":{"type":"branch","line":79,"loc":{"start":{"line":79,"column":67},"end":{"line":81,"column":5}},"locations":[{"start":{"line":79,"column":67},"end":{"line":81,"column":5}}]},"7":{"type":"branch","line":90,"loc":{"start":{"line":90,"column":12},"end":{"line":92,"column":5}},"locations":[{"start":{"line":90,"column":12},"end":{"line":92,"column":5}}]},"8":{"type":"branch","line":99,"loc":{"start":{"line":99,"column":18},"end":{"line":113,"column":3}},"locations":[{"start":{"line":99,"column":18},"end":{"line":113,"column":3}}]},"9":{"type":"branch","line":104,"loc":{"start":{"line":104,"column":37},"end":{"line":104,"column":58}},"locations":[{"start":{"line":104,"column":37},"end":{"line":104,"column":58}}]},"10":{"type":"branch","line":106,"loc":{"start":{"line":106,"column":20},"end":{"line":107,"column":28}},"locations":[{"start":{"line":106,"column":20},"end":{"line":107,"column":28}}]},"11":{"type":"branch","line":107,"loc":{"start":{"line":107,"column":28},"end":{"line":108,"column":17}},"locations":[{"start":{"line":107,"column":28},"end":{"line":108,"column":17}}]},"12":{"type":"branch","line":108,"loc":{"start":{"line":108,"column":17},"end":{"line":109,"column":25}},"locations":[{"start":{"line":108,"column":17},"end":{"line":109,"column":25}}]},"13":{"type":"branch","line":109,"loc":{"start":{"line":109,"column":25},"end":{"line":110,"column":11}},"locations":[{"start":{"line":109,"column":25},"end":{"line":110,"column":11}}]},"14":{"type":"branch","line":119,"loc":{"start":{"line":119,"column":21},"end":{"line":121,"column":3}},"locations":[{"start":{"line":119,"column":21},"end":{"line":121,"column":3}}]},"15":{"type":"branch","line":194,"loc":{"start":{"line":194,"column":23},"end":{"line":200,"column":1}},"locations":[{"start":{"line":194,"column":23},"end":{"line":200,"column":1}}]},"16":{"type":"branch","line":196,"loc":{"start":{"line":196,"column":16},"end":{"line":198,"column":3}},"locations":[{"start":{"line":196,"column":16},"end":{"line":198,"column":3}}]}},"b":{"0":[32],"1":[13],"2":[19],"3":[0],"4":[6],"5":[16],"6":[7],"7":[6],"8":[7],"9":[0],"10":[0],"11":[0],"12":[0],"13":[0],"14":[4],"15":[32],"16":[0]},"fnMap":{"0":{"name":"CartProvider","decl":{"start":{"line":44,"column":28},"end":{"line":192,"column":1}},"loc":{"start":{"line":44,"column":28},"end":{"line":192,"column":1}},"line":44},"1":{"name":"addItem","decl":{"start":{"line":99,"column":18},"end":{"line":113,"column":3}},"loc":{"start":{"line":99,"column":18},"end":{"line":113,"column":3}},"line":99},"2":{"name":"removeItem","decl":{"start":{"line":119,"column":21},"end":{"line":121,"column":3}},"loc":{"start":{"line":119,"column":21},"end":{"line":121,"column":3}},"line":119},"3":{"name":"updateItem","decl":{"start":{"line":127,"column":21},"end":{"line":129,"column":3}},"loc":{"start":{"line":127,"column":21},"end":{"line":129,"column":3}},"line":127},"4":{"name":"updateItemQty","decl":{"start":{"line":135,"column":24},"end":{"line":140,"column":3}},"loc":{"start":{"line":135,"column":24},"end":{"line":140,"column":3}},"line":135},"5":{"name":"clearCart","decl":{"start":{"line":146,"column":20},"end":{"line":148,"column":3}},"loc":{"start":{"line":146,"column":20},"end":{"line":148,"column":3}},"line":146},"6":{"name":"isInCart","decl":{"start":{"line":154,"column":19},"end":{"line":156,"column":3}},"loc":{"start":{"line":154,"column":19},"end":{"line":156,"column":3}},"line":154},"7":{"name":"increment","decl":{"start":{"line":162,"column":20},"end":{"line":164,"column":3}},"loc":{"start":{"line":162,"column":20},"end":{"line":164,"column":3}},"line":162},"8":{"name":"decrement","decl":{"start":{"line":170,"column":20},"end":{"line":172,"column":3}},"loc":{"start":{"line":170,"column":20},"end":{"line":172,"column":3}},"line":170},"9":{"name":"useCart","decl":{"start":{"line":194,"column":23},"end":{"line":200,"column":1}},"loc":{"start":{"line":194,"column":23},"end":{"line":200,"column":1}},"line":194}},"f":{"0":32,"1":7,"2":4,"3":0,"4":0,"5":0,"6":0,"7":0,"8":0,"9":32}}
,"C:\\Users\\shin1\\Desktop\\MyProject\\petpet_shop_fronted\\components\\hooks\\use-localstorage.ts": {"path":"C:\\Users\\shin1\\Desktop\\MyProject\\petpet_shop_fronted\\components\\hooks\\use-localstorage.ts","all":false,"statementMap":{"0":{"start":{"line":1,"column":0},"end":{"line":1,"column":32}},"1":{"start":{"line":2,"column":0},"end":{"line":2,"column":0}},"2":{"start":{"line":3,"column":0},"end":{"line":3,"column":43}},"3":{"start":{"line":4,"column":0},"end":{"line":4,"column":14}},"4":{"start":{"line":5,"column":0},"end":{"line":5,"column":17}},"5":{"start":{"line":6,"column":0},"end":{"line":6,"column":46}},"6":{"start":{"line":7,"column":0},"end":{"line":7,"column":29}},"7":{"start":{"line":8,"column":0},"end":{"line":8,"column":75}},"8":{"start":{"line":9,"column":0},"end":{"line":9,"column":59}},"9":{"start":{"line":10,"column":0},"end":{"line":10,"column":40}},"10":{"start":{"line":11,"column":0},"end":{"line":11,"column":25}},"11":{"start":{"line":12,"column":0},"end":{"line":12,"column":5}},"12":{"start":{"line":13,"column":0},"end":{"line":13,"column":9}},"13":{"start":{"line":14,"column":0},"end":{"line":14,"column":38}},"14":{"start":{"line":15,"column":0},"end":{"line":15,"column":51}},"15":{"start":{"line":16,"column":0},"end":{"line":16,"column":57}},"16":{"start":{"line":17,"column":0},"end":{"line":17,"column":51}},"17":{"start":{"line":18,"column":0},"end":{"line":18,"column":21}},"18":{"start":{"line":19,"column":0},"end":{"line":19,"column":42}},"19":{"start":{"line":20,"column":0},"end":{"line":20,"column":27}},"20":{"start":{"line":21,"column":0},"end":{"line":21,"column":25}},"21":{"start":{"line":22,"column":0},"end":{"line":22,"column":5}},"22":{"start":{"line":23,"column":0},"end":{"line":23,"column":4}},"23":{"start":{"line":24,"column":0},"end":{"line":24,"column":68}},"24":{"start":{"line":25,"column":0},"end":{"line":25,"column":48}},"25":{"start":{"line":26,"column":0},"end":{"line":26,"column":52}},"26":{"start":{"line":27,"column":0},"end":{"line":27,"column":9}},"27":{"start":{"line":28,"column":0},"end":{"line":28,"column":69}},"28":{"start":{"line":29,"column":0},"end":{"line":29,"column":26}},"29":{"start":{"line":30,"column":0},"end":{"line":30,"column":62}},"30":{"start":{"line":31,"column":0},"end":{"line":31,"column":19}},"31":{"start":{"line":32,"column":0},"end":{"line":32,"column":34}},"32":{"start":{"line":33,"column":0},"end":{"line":33,"column":30}},"33":{"start":{"line":34,"column":0},"end":{"line":34,"column":42}},"34":{"start":{"line":35,"column":0},"end":{"line":35,"column":70}},"35":{"start":{"line":36,"column":0},"end":{"line":36,"column":7}},"36":{"start":{"line":37,"column":0},"end":{"line":37,"column":21}},"37":{"start":{"line":38,"column":0},"end":{"line":38,"column":67}},"38":{"start":{"line":39,"column":0},"end":{"line":39,"column":27}},"39":{"start":{"line":40,"column":0},"end":{"line":40,"column":5}},"40":{"start":{"line":41,"column":0},"end":{"line":41,"column":3}},"41":{"start":{"line":42,"column":0},"end":{"line":42,"column":32}},"42":{"start":{"line":43,"column":0},"end":{"line":43,"column":1}}},"s":{"0":1,"1":1,"2":1,"3":32,"4":32,"5":32,"6":32,"7":32,"8":32,"9":6,"10":0,"11":0,"12":6,"13":6,"14":6,"15":6,"16":6,"17":6,"18":0,"19":0,"20":0,"21":0,"22":6,"23":32,"24":32,"25":32,"26":7,"27":7,"28":7,"29":7,"30":7,"31":7,"32":7,"33":7,"34":7,"35":7,"36":7,"37":0,"38":0,"39":0,"40":7,"41":32,"42":32},"branchMap":{"0":{"type":"branch","line":3,"loc":{"start":{"line":3,"column":15},"end":{"line":43,"column":1}},"locations":[{"start":{"line":3,"column":15},"end":{"line":43,"column":1}}]},"1":{"type":"branch","line":9,"loc":{"start":{"line":9,"column":52},"end":{"line":23,"column":4}},"locations":[{"start":{"line":9,"column":52},"end":{"line":23,"column":4}}]},"2":{"type":"branch","line":10,"loc":{"start":{"line":10,"column":39},"end":{"line":12,"column":5}},"locations":[{"start":{"line":10,"column":39},"end":{"line":12,"column":5}}]},"3":{"type":"branch","line":17,"loc":{"start":{"line":17,"column":13},"end":{"line":17,"column":39}},"locations":[{"start":{"line":17,"column":13},"end":{"line":17,"column":39}}]},"4":{"type":"branch","line":18,"loc":{"start":{"line":18,"column":6},"end":{"line":22,"column":5}},"locations":[{"start":{"line":18,"column":6},"end":{"line":22,"column":5}}]},"5":{"type":"branch","line":26,"loc":{"start":{"line":26,"column":19},"end":{"line":41,"column":3}},"locations":[{"start":{"line":26,"column":19},"end":{"line":41,"column":3}}]},"6":{"type":"branch","line":30,"loc":{"start":{"line":30,"column":25},"end":{"line":30,"column":57}},"locations":[{"start":{"line":30,"column":25},"end":{"line":30,"column":57}}]},"7":{"type":"branch","line":37,"loc":{"start":{"line":37,"column":6},"end":{"line":40,"column":5}},"locations":[{"start":{"line":37,"column":6},"end":{"line":40,"column":5}}]}},"b":{"0":[32],"1":[6],"2":[0],"3":[0],"4":[0],"5":[7],"6":[0],"7":[0]},"fnMap":{"0":{"name":"useLocalStorage","decl":{"start":{"line":3,"column":15},"end":{"line":43,"column":1}},"loc":{"start":{"line":3,"column":15},"end":{"line":43,"column":1}},"line":3},"1":{"name":"setValue","decl":{"start":{"line":26,"column":19},"end":{"line":41,"column":3}},"loc":{"start":{"line":26,"column":19},"end":{"line":41,"column":3}},"line":26}},"f":{"0":32,"1":7}}
}
