TN:
SF:components\hooks\cart-reducer-state.ts
FN:33,findOneById
FN:50,updateOne
FN:61,incrementOne
FN:74,decrementOne
FN:90,addOne
FN:115,removeOne
FN:124,subtotalPrice
FN:137,totalPrice
FN:144,totalItems
FN:149,generateCartState
FN:167,init
FNF:11
FNH:11
FNDA:3,findOneById
FNDA:5,updateOne
FNDA:1,incrementOne
FNDA:2,decrementOne
FNDA:10,addOne
FNDA:7,removeOne
FNDA:33,subtotalPrice
FNDA:31,totalPrice
FNDA:33,totalItems
FNDA:30,generateCartState
FNDA:6,init
DA:1,1
DA:2,1
DA:3,1
DA:4,1
DA:5,1
DA:6,1
DA:7,1
DA:8,1
DA:9,1
DA:10,1
DA:11,1
DA:12,1
DA:13,1
DA:14,1
DA:15,1
DA:16,1
DA:17,1
DA:18,1
DA:19,1
DA:20,1
DA:21,1
DA:22,1
DA:23,1
DA:24,1
DA:25,1
DA:26,1
DA:27,1
DA:28,1
DA:29,1
DA:30,1
DA:31,1
DA:32,1
DA:33,1
DA:34,3
DA:35,3
DA:36,3
DA:37,3
DA:38,3
DA:39,1
DA:40,1
DA:41,1
DA:42,1
DA:43,1
DA:44,1
DA:45,1
DA:46,1
DA:47,1
DA:48,1
DA:49,1
DA:50,1
DA:51,5
DA:52,6
DA:53,3
DA:54,6
DA:55,5
DA:56,1
DA:57,1
DA:58,1
DA:59,1
DA:60,1
DA:61,1
DA:62,1
DA:63,2
DA:64,1
DA:65,1
DA:66,1
DA:67,1
DA:68,1
DA:69,1
DA:70,1
DA:71,1
DA:72,1
DA:73,1
DA:74,1
DA:75,2
DA:76,4
DA:77,2
DA:78,2
DA:79,2
DA:80,2
DA:81,2
DA:82,2
DA:83,2
DA:84,2
DA:85,1
DA:86,1
DA:87,1
DA:88,1
DA:89,1
DA:90,1
DA:91,10
DA:92,10
DA:93,10
DA:94,10
DA:95,10
DA:96,10
DA:97,10
DA:98,2
DA:99,2
DA:100,2
DA:101,2
DA:102,2
DA:103,2
DA:104,2
DA:105,2
DA:106,8
DA:107,8
DA:108,8
DA:109,8
DA:110,1
DA:111,1
DA:112,1
DA:113,1
DA:114,1
DA:115,1
DA:116,7
DA:117,7
DA:118,1
DA:119,1
DA:120,1
DA:121,1
DA:122,1
DA:123,1
DA:124,1
DA:125,33
DA:126,33
DA:127,33
DA:128,14
DA:129,14
DA:130,14
DA:131,1
DA:132,1
DA:133,1
DA:134,1
DA:135,1
DA:136,1
DA:137,1
DA:138,31
DA:139,1
DA:140,1
DA:141,1
DA:142,1
DA:143,1
DA:144,1
DA:145,33
DA:146,1
DA:147,1
DA:148,1
DA:149,1
DA:150,30
DA:151,30
DA:152,30
DA:153,30
DA:154,30
DA:155,30
DA:156,30
DA:157,30
DA:158,30
DA:159,30
DA:160,30
DA:161,30
DA:162,30
DA:163,30
DA:164,1
DA:165,1
DA:166,1
DA:167,1
DA:168,6
DA:169,6
LF:169
LH:169
BRDA:33,0,0,3
BRDA:37,1,0,3
BRDA:50,2,0,5
BRDA:51,3,0,6
BRDA:52,4,0,3
BRDA:61,5,0,1
BRDA:62,6,0,2
BRDA:63,7,0,1
BRDA:74,8,0,2
BRDA:75,9,0,4
BRDA:76,10,0,2
BRDA:79,11,0,1
BRDA:79,12,0,1
BRDA:90,13,0,10
BRDA:97,14,0,2
BRDA:105,15,0,8
BRDA:93,16,0,3
BRDA:115,17,0,7
BRDA:116,18,0,7
BRDA:124,19,0,33
BRDA:127,20,0,14
BRDA:137,21,0,31
BRDA:138,22,0,12
BRDA:144,23,0,33
BRDA:145,24,0,12
BRDA:149,25,0,30
BRDA:167,26,0,6
BRF:27
BRH:27
end_of_record
TN:
SF:components\hooks\use-cart-state.tsx
FN:44,CartProvider
FN:99,addItem
FN:119,removeItem
FN:127,updateItem
FN:135,updateItemQty
FN:146,clearCart
FN:154,isInCart
FN:162,increment
FN:170,decrement
FN:194,useCart
FNF:10
FNH:4
FNDA:32,CartProvider
FNDA:7,addItem
FNDA:4,removeItem
FNDA:0,updateItem
FNDA:0,updateItemQty
FNDA:0,clearCart
FNDA:0,isInCart
FNDA:0,increment
FNDA:0,decrement
FNDA:32,useCart
DA:1,1
DA:2,1
DA:3,1
DA:4,1
DA:5,1
DA:6,1
DA:7,1
DA:8,1
DA:9,1
DA:10,1
DA:11,1
DA:12,1
DA:13,1
DA:14,1
DA:15,1
DA:16,1
DA:17,1
DA:18,1
DA:19,1
DA:20,1
DA:21,1
DA:22,1
DA:23,1
DA:24,1
DA:25,1
DA:26,1
DA:27,1
DA:28,1
DA:29,1
DA:30,1
DA:31,1
DA:32,1
DA:33,1
DA:34,1
DA:35,1
DA:36,1
DA:37,1
DA:38,1
DA:39,1
DA:40,1
DA:41,1
DA:42,1
DA:43,1
DA:44,1
DA:45,32
DA:46,32
DA:47,32
DA:48,32
DA:49,32
DA:50,32
DA:51,32
DA:52,32
DA:53,32
DA:54,32
DA:55,32
DA:56,32
DA:57,32
DA:58,32
DA:59,32
DA:60,32
DA:61,0
DA:62,0
DA:63,32
DA:64,32
DA:65,32
DA:66,32
DA:67,32
DA:68,32
DA:69,32
DA:70,32
DA:71,32
DA:72,32
DA:73,32
DA:74,32
DA:75,32
DA:76,32
DA:77,32
DA:78,16
DA:79,16
DA:80,7
DA:81,7
DA:82,16
DA:83,16
DA:84,16
DA:85,16
DA:86,32
DA:87,32
DA:88,32
DA:89,32
DA:90,32
DA:91,6
DA:92,32
DA:93,32
DA:94,32
DA:95,32
DA:96,32
DA:97,32
DA:98,32
DA:99,32
DA:100,7
DA:101,7
DA:102,7
DA:103,7
DA:104,7
DA:105,7
DA:106,7
DA:107,7
DA:108,7
DA:109,7
DA:110,0
DA:111,7
DA:112,7
DA:113,7
DA:114,32
DA:115,32
DA:116,32
DA:117,32
DA:118,32
DA:119,32
DA:120,4
DA:121,4
DA:122,32
DA:123,32
DA:124,32
DA:125,32
DA:126,32
DA:127,32
DA:128,0
DA:129,0
DA:130,32
DA:131,32
DA:132,32
DA:133,32
DA:134,32
DA:135,32
DA:136,0
DA:137,0
DA:138,0
DA:139,0
DA:140,0
DA:141,32
DA:142,32
DA:143,32
DA:144,32
DA:145,32
DA:146,32
DA:147,0
DA:148,0
DA:149,32
DA:150,32
DA:151,32
DA:152,32
DA:153,32
DA:154,32
DA:155,0
DA:156,0
DA:157,32
DA:158,32
DA:159,32
DA:160,32
DA:161,32
DA:162,32
DA:163,0
DA:164,0
DA:165,32
DA:166,32
DA:167,32
DA:168,32
DA:169,32
DA:170,32
DA:171,0
DA:172,0
DA:173,32
DA:174,32
DA:175,32
DA:176,32
DA:177,32
DA:178,32
DA:179,32
DA:180,32
DA:181,32
DA:182,32
DA:183,32
DA:184,32
DA:185,32
DA:186,32
DA:187,32
DA:188,32
DA:189,32
DA:190,32
DA:191,32
DA:192,32
DA:193,1
DA:194,1
DA:195,32
DA:196,32
DA:197,0
DA:198,0
DA:199,32
DA:200,32
LF:200
LH:180
BRDA:44,0,0,32
BRDA:58,1,0,13
BRDA:58,2,0,19
BRDA:60,3,0,0
BRDA:67,4,0,6
BRDA:77,5,0,16
BRDA:79,6,0,7
BRDA:90,7,0,6
BRDA:99,8,0,7
BRDA:104,9,0,0
BRDA:106,10,0,0
BRDA:107,11,0,0
BRDA:108,12,0,0
BRDA:109,13,0,0
BRDA:119,14,0,4
BRDA:194,15,0,32
BRDA:196,16,0,0
BRF:17
BRH:10
end_of_record
TN:
SF:components\hooks\use-localstorage.ts
FN:3,useLocalStorage
FN:26,setValue
FNF:2
FNH:2
FNDA:32,useLocalStorage
FNDA:7,setValue
DA:1,1
DA:2,1
DA:3,1
DA:4,32
DA:5,32
DA:6,32
DA:7,32
DA:8,32
DA:9,32
DA:10,6
DA:11,0
DA:12,0
DA:13,6
DA:14,6
DA:15,6
DA:16,6
DA:17,6
DA:18,6
DA:19,0
DA:20,0
DA:21,0
DA:22,0
DA:23,6
DA:24,32
DA:25,32
DA:26,32
DA:27,7
DA:28,7
DA:29,7
DA:30,7
DA:31,7
DA:32,7
DA:33,7
DA:34,7
DA:35,7
DA:36,7
DA:37,7
DA:38,0
DA:39,0
DA:40,0
DA:41,7
DA:42,32
DA:43,32
LF:43
LH:34
BRDA:3,0,0,32
BRDA:9,1,0,6
BRDA:10,2,0,0
BRDA:17,3,0,0
BRDA:18,4,0,0
BRDA:26,5,0,7
BRDA:30,6,0,0
BRDA:37,7,0,0
BRF:8
BRH:3
end_of_record
